<?xml version="1.0" encoding="UTF-8"?>
<!-- Generated by org.testng.reporters.JUnitReportReporter -->
<testsuite skipped="0" hostname="DESKTOP-694QOOA" name="script.settings" tests="1" failures="0" timestamp="21 Dec 2018 08:30:55 GMT" time="67.720" errors="0">
  <testcase name="test1" time="67.720" classname="script.settings"/>
</testsuite> <!-- script.settings -->
