<?xml version="1.0" encoding="UTF-8"?>
<!-- Generated by org.testng.reporters.JUnitReportReporter -->
<testsuite skipped="0" hostname="DESKTOP-694QOOA" name="script.users" tests="1" failures="0" timestamp="21 Dec 2018 04:03:50 GMT" time="30.888" errors="0">
  <testcase name="test1" time="30.888" classname="script.users"/>
</testsuite> <!-- script.users -->
